2025-11-09 18:43:39,272 - INFO - Logger initialized successfully.
2025-11-09 18:43:39,273 - INFO - Starting Autonomous Data Quality Guardian Pipeline...
2025-11-09 18:43:40,435 - INFO - Configuration Validation Passed.
2025-11-09 18:43:47,523 - INFO - Data Quality Report: {'completeness': np.float64(1.0), 'uniqueness': np.float64(1.0), 'numeric_validity': np.float64(1.0)}
2025-11-09 18:43:47,526 - INFO - Drift Report: {'Open': 'N/A', 'Close': 'N/A', 'Volume': 'N/A'}
2025-11-09 18:43:47,582 - INFO - Anomaly Report: {}
2025-11-09 18:43:47,583 - INFO - Agent Reasoning: {'summary': 'Detected drifts in []. Recommend checking API refresh timing.', 'impact': 'Low', 'action': 'All stable.'}
2025-11-09 18:44:36,148 - INFO - Logger initialized successfully.
2025-11-09 18:44:36,149 - INFO - Starting Autonomous Data Quality Guardian Pipeline...
2025-11-09 18:44:36,815 - INFO - Configuration Validation Passed.
2025-11-09 18:44:40,090 - INFO - Data Quality Report: {'completeness': np.float64(1.0), 'uniqueness': np.float64(1.0), 'numeric_validity': np.float64(1.0)}
2025-11-09 18:44:40,090 - INFO - Drift Report: {'Open': 'N/A', 'Close': 'N/A', 'Volume': 'N/A'}
2025-11-09 18:44:40,115 - INFO - Anomaly Report: {}
2025-11-09 18:44:40,116 - INFO - Agent Reasoning: {'summary': 'Detected drifts in []. Recommend checking API refresh timing.', 'impact': 'Low', 'action': 'All stable.'}
2025-11-09 18:44:40,145 - INFO - Reports archived at: data/reports\data_quality_report_20251109_184440.json
2025-11-09 18:46:48,196 - INFO - Logger initialized successfully.
2025-11-09 18:46:48,197 - INFO - Starting Autonomous Data Quality Guardian Pipeline...
2025-11-09 18:46:48,850 - INFO - Configuration Validation Passed.
2025-11-09 18:46:51,597 - INFO - Data Quality Report: {'completeness': np.float64(1.0), 'uniqueness': np.float64(1.0), 'numeric_validity': np.float64(1.0)}
2025-11-09 18:46:51,599 - INFO - Drift Report: {'Open': 'N/A', 'Close': 'N/A', 'Volume': 'N/A'}
2025-11-09 18:46:51,630 - INFO - Anomaly Report: {}
2025-11-09 18:46:51,632 - INFO - Agent Reasoning: {'summary': 'Detected drifts in []. Recommend checking API refresh timing.', 'impact': 'Low', 'action': 'All stable.'}
2025-11-09 18:46:51,649 - INFO - Reports archived at: data/reports\data_quality_report_20251109_184651.json
2025-11-09 18:50:42,399 - INFO - Logger initialized successfully.
2025-11-09 18:50:42,400 - INFO - Starting Autonomous Data Quality Guardian Pipeline...
2025-11-09 18:50:43,453 - INFO - Configuration Validation Passed.
2025-11-09 18:50:45,949 - INFO - Data Quality Report: {'completeness': np.float64(1.0), 'uniqueness': np.float64(1.0), 'numeric_validity': np.float64(1.0)}
2025-11-09 18:50:45,949 - INFO - Drift Report: {'Open': 'N/A', 'Close': 'N/A', 'Volume': 'N/A'}
2025-11-09 18:50:46,030 - INFO - Anomaly Report: {}
2025-11-09 18:50:46,039 - INFO - Agent Reasoning: {'summary': 'Detected drifts in []. Recommend checking API refresh timing.', 'impact': 'Low', 'action': 'All stable.'}
2025-11-09 18:50:46,108 - INFO - Reports archived at: data/reports\data_quality_report_20251109_185046.json
2025-11-09 18:53:13,985 - INFO - Logger initialized successfully.
2025-11-09 18:53:13,987 - INFO - Starting Autonomous Data Quality Guardian Pipeline...
2025-11-09 18:53:15,122 - INFO - Configuration Validation Passed.
2025-11-09 18:53:18,057 - INFO - Data Quality Report: {'completeness': np.float64(1.0), 'uniqueness': np.float64(1.0), 'numeric_validity': np.float64(1.0)}
2025-11-09 18:53:18,058 - INFO - Drift Report: {'Open': 'N/A', 'Close': 'N/A', 'Volume': 'N/A'}
2025-11-09 18:53:18,083 - INFO - Anomaly Report: {}
2025-11-09 18:53:18,084 - INFO - Agent Reasoning: {'summary': 'Detected drifts in []. Recommend checking API refresh timing.', 'impact': 'Low', 'action': 'All stable.'}
2025-11-09 18:53:18,107 - INFO - Reports archived at: data/reports\data_quality_report_20251109_185318.json
2025-11-09 18:54:03,951 - INFO - Logger initialized successfully.
2025-11-09 18:54:03,952 - INFO - Starting Autonomous Data Quality Guardian Pipeline...
2025-11-09 18:54:04,659 - INFO - Configuration Validation Passed.
2025-11-09 18:54:07,434 - INFO - Data Quality Report: {'completeness': np.float64(1.0), 'uniqueness': np.float64(1.0), 'numeric_validity': np.float64(1.0)}
2025-11-09 18:54:07,435 - INFO - Drift Report: {'Open': 'N/A', 'Close': 'N/A', 'Volume': 'N/A'}
2025-11-09 18:54:07,477 - INFO - Anomaly Report: {}
2025-11-09 18:54:07,477 - INFO - Agent Reasoning: {'summary': 'Detected drifts in []. Recommend checking API refresh timing.', 'impact': 'Low', 'action': 'All stable.'}
2025-11-09 18:54:08,059 - INFO - Reports archived at: data/reports\data_quality_report_20251109_185407.json
2025-11-09 18:55:18,746 - INFO - Logger initialized successfully.
2025-11-09 18:55:18,748 - INFO - Starting Autonomous Data Quality Guardian Pipeline...
2025-11-09 18:55:19,707 - INFO - Configuration Validation Passed.
2025-11-09 18:55:22,595 - INFO - Data Quality Report: {'completeness': np.float64(1.0), 'uniqueness': np.float64(1.0), 'numeric_validity': np.float64(1.0)}
2025-11-09 18:55:22,596 - INFO - Drift Report: {'Open': 'N/A', 'Close': 'N/A', 'Volume': 'N/A'}
2025-11-09 18:55:22,615 - INFO - Anomaly Report: {}
2025-11-09 18:55:22,615 - INFO - Agent Reasoning: {'summary': 'Detected drifts in []. Recommend checking API refresh timing.', 'impact': 'Low', 'action': 'All stable.'}
2025-11-09 18:55:22,623 - INFO - Reports archived at: data/reports\data_quality_report_20251109_185522.json
2025-11-09 18:58:45,735 - INFO - Logger initialized successfully.
2025-11-09 18:58:45,737 - INFO - Starting Autonomous Data Quality Guardian Pipeline...
2025-11-09 18:58:46,651 - INFO - Configuration Validation Passed.
2025-11-09 18:58:49,020 - INFO - Data Quality Report: {'completeness': np.float64(1.0), 'uniqueness': np.float64(1.0), 'numeric_validity': np.float64(1.0)}
2025-11-09 18:58:49,021 - INFO - Drift Report: {'Open': 'N/A', 'Close': 'N/A', 'Volume': 'N/A'}
2025-11-09 18:58:49,043 - INFO - Anomaly Report: {}
2025-11-09 18:58:49,044 - INFO - Agent Reasoning: {'summary': 'Detected drifts in []. Recommend checking API refresh timing.', 'impact': 'Low', 'action': 'All stable.'}
2025-11-09 18:58:49,060 - INFO - Reports archived at: data/reports\data_quality_report_20251109_185849.json
2025-11-09 19:01:31,151 - INFO - Logger initialized successfully.
2025-11-09 19:01:31,156 - INFO - Starting Autonomous Data Quality Guardian Pipeline...
2025-11-09 19:01:32,161 - INFO - Configuration Validation Passed.
2025-11-09 19:01:34,438 - INFO - Data Quality Report: {'completeness': np.float64(1.0), 'uniqueness': np.float64(1.0), 'numeric_validity': np.float64(1.0)}
2025-11-09 19:01:34,439 - INFO - Drift Report: {'Open': 'N/A', 'Close': 'N/A', 'Volume': 'N/A'}
2025-11-09 19:01:34,460 - INFO - Anomaly Report: {}
2025-11-09 19:01:34,460 - INFO - Agent Reasoning: {'summary': 'Detected drifts in []. Recommend checking API refresh timing.', 'impact': 'Low', 'action': 'All stable.'}
2025-11-09 19:01:34,482 - INFO - Reports archived at: data/reports\data_quality_report_20251109_190134.json
2025-11-09 19:03:49,035 - INFO - Logger initialized successfully.
2025-11-09 19:03:49,036 - INFO - Starting Autonomous Data Quality Guardian Pipeline...
2025-11-09 19:03:50,172 - INFO - Configuration Validation Passed.
2025-11-09 19:03:52,667 - INFO - Data Quality Report: {'completeness': np.float64(1.0), 'uniqueness': np.float64(1.0), 'numeric_validity': np.float64(1.0)}
2025-11-09 19:03:52,668 - INFO - Drift Report: {'Open': 'N/A', 'Close': 'N/A', 'Volume': 'N/A'}
2025-11-09 19:03:52,690 - INFO - Anomaly Report: {}
2025-11-09 19:03:52,690 - INFO - Agent Reasoning: {'summary': 'Detected drifts in []. Recommend checking API refresh timing.', 'impact': 'Low', 'action': 'All stable.'}
2025-11-09 19:03:52,706 - INFO - Reports archived at: data/reports\data_quality_report_20251109_190352.json
2025-11-09 19:07:13,276 - INFO - Logger initialized successfully.
2025-11-09 19:07:13,277 - INFO - Starting Autonomous Data Quality Guardian Pipeline...
2025-11-09 19:07:13,995 - INFO - Configuration Validation Passed.
2025-11-09 19:07:16,687 - INFO - Data Quality Report: {'completeness': np.float64(1.0), 'uniqueness': np.float64(1.0), 'numeric_validity': np.float64(1.0)}
2025-11-09 19:07:16,687 - INFO - Drift Report: {'Open': 'N/A', 'Close': 'N/A', 'Volume': 'N/A'}
2025-11-09 19:07:16,708 - INFO - Anomaly Report: {}
2025-11-09 19:07:16,709 - INFO - Agent Reasoning: {'summary': 'Detected drifts in []. Recommend checking API refresh timing.', 'impact': 'Low', 'action': 'All stable.'}
2025-11-09 19:07:16,735 - INFO - Reports archived at: data/reports\data_quality_report_20251109_190716.json
2025-11-09 19:09:15,222 - INFO - Logger initialized successfully.
2025-11-09 19:09:15,223 - INFO - Starting Autonomous Data Quality Guardian Pipeline...
2025-11-09 19:09:16,576 - INFO - Configuration Validation Passed.
2025-11-09 19:09:20,522 - INFO - Data Quality Report: {'completeness': np.float64(1.0), 'uniqueness': np.float64(1.0), 'numeric_validity': np.float64(1.0)}
2025-11-09 19:09:20,525 - INFO - Drift Report: {'Open': 'N/A', 'Close': 'N/A', 'Volume': 'N/A'}
2025-11-09 19:09:20,561 - INFO - Anomaly Report: {}
2025-11-09 19:09:20,562 - INFO - Agent Reasoning: {'summary': 'Detected drifts in []. Recommend checking API refresh timing.', 'impact': 'Low', 'action': 'All stable.'}
2025-11-09 19:09:20,599 - INFO - Reports archived at: data/reports\data_quality_report_20251109_190920.json
2025-11-09 19:09:20,599 - INFO - Autonomous Data Quality Guardian Execution Completed Successfully.
